0 info it worked if it ends with ok
1 verbose cli [ '/usr/local/Cellar/node/5.5.0/bin/node',
1 verbose cli   '/usr/local/bin/npm',
1 verbose cli   'run',
1 verbose cli   'develop' ]
2 info using npm@3.5.3
3 info using node@v5.5.0
4 verbose run-script [ 'predevelop', 'develop', 'postdevelop' ]
5 info lifecycle j1.io@0.0.1~predevelop: j1.io@0.0.1
6 silly lifecycle j1.io@0.0.1~predevelop: no script for predevelop, continuing
7 info lifecycle j1.io@0.0.1~develop: j1.io@0.0.1
8 verbose lifecycle j1.io@0.0.1~develop: unsafe-perm in lifecycle true
9 verbose lifecycle j1.io@0.0.1~develop: PATH: /usr/local/lib/node_modules/npm/bin/node-gyp-bin:/Users/joe/GitHub/jswny.io/node_modules/.bin:/Users/joe/.composer/vendor/bin:/usr/local/bin:/usr/bin:/bin:/usr/sbin:/sbin:/usr/local/MacGPG2/bin:/Users/joe/.gem/ruby/1.8/bin:/opt/nginx/sbin:/Users/joe/bin:/Users/joe/.rvm/bin:/usr/local/mysql/bin
10 verbose lifecycle j1.io@0.0.1~develop: CWD: /Users/joe/GitHub/jswny.io
11 silly lifecycle j1.io@0.0.1~develop: Args: [ '-c', 'NODE_ENV=development gulp watch' ]
12 silly lifecycle j1.io@0.0.1~develop: Returned: code: 1  signal: null
13 info lifecycle j1.io@0.0.1~develop: Failed to exec develop script
14 verbose stack Error: j1.io@0.0.1 develop: `NODE_ENV=development gulp watch`
14 verbose stack Exit status 1
14 verbose stack     at EventEmitter.<anonymous> (/usr/local/lib/node_modules/npm/lib/utils/lifecycle.js:232:16)
14 verbose stack     at emitTwo (events.js:100:13)
14 verbose stack     at EventEmitter.emit (events.js:185:7)
14 verbose stack     at ChildProcess.<anonymous> (/usr/local/lib/node_modules/npm/lib/utils/spawn.js:24:14)
14 verbose stack     at emitTwo (events.js:100:13)
14 verbose stack     at ChildProcess.emit (events.js:185:7)
14 verbose stack     at maybeClose (internal/child_process.js:821:16)
14 verbose stack     at Process.ChildProcess._handle.onexit (internal/child_process.js:211:5)
15 verbose pkgid j1.io@0.0.1
16 verbose cwd /Users/joe/GitHub/jswny.io
17 error Darwin 15.6.0
18 error argv "/usr/local/Cellar/node/5.5.0/bin/node" "/usr/local/bin/npm" "run" "develop"
19 error node v5.5.0
20 error npm  v3.5.3
21 error code ELIFECYCLE
22 error j1.io@0.0.1 develop: `NODE_ENV=development gulp watch`
22 error Exit status 1
23 error Failed at the j1.io@0.0.1 develop script 'NODE_ENV=development gulp watch'.
23 error Make sure you have the latest version of node.js and npm installed.
23 error If you do, this is most likely a problem with the j1.io package,
23 error not with npm itself.
23 error Tell the author that this fails on your system:
23 error     NODE_ENV=development gulp watch
23 error You can get information on how to open an issue for this project with:
23 error     npm bugs j1.io
23 error Or if that isn't available, you can get their info via:
23 error     npm owner ls j1.io
23 error There is likely additional logging output above.
24 verbose exit [ 1, true ]
